\BOOKMARK [1][-]{section.1}{\376\377\000I\000n\000t\000r\000o\000d\000u\000z\000i\000o\000n\000e}{}% 1
\BOOKMARK [1][-]{section.2}{\376\377\000A\000p\000a\000c\000h\000e\000\040\000B\000o\000o\000k\000k\000e\000e\000p\000e\000r}{}% 2
\BOOKMARK [2][-]{subsection.2.1}{\376\377\000C\000l\000a\000s\000s\000e\000\040\000B\000o\000o\000k\000k\000e\000e\000p\000e\000r}{section.2}% 3
\BOOKMARK [3][-]{subsubsection.2.1.1}{\376\377\000C\000r\000e\000a\000z\000i\000o\000n\000e\000\040\000d\000i\000\040\000u\000n\000\040\000l\000e\000d\000g\000e\000r}{subsection.2.1}% 4
\BOOKMARK [3][-]{subsubsection.2.1.2}{\376\377\000A\000p\000e\000r\000t\000u\000r\000a\000\040\000d\000i\000\040\000u\000n\000\040\000l\000e\000d\000g\000e\000r}{subsection.2.1}% 5
\BOOKMARK [3][-]{subsubsection.2.1.3}{\376\377\000C\000a\000n\000c\000e\000l\000l\000a\000z\000i\000o\000n\000e\000\040\000d\000i\000\040\000u\000n\000\040\000l\000e\000d\000g\000e\000r}{subsection.2.1}% 6
\BOOKMARK [3][-]{subsubsection.2.1.4}{\376\377\000C\000o\000d\000e\000\040\000C\000o\000v\000e\000r\000a\000g\000e}{subsection.2.1}% 7
\BOOKMARK [3][-]{subsubsection.2.1.5}{\376\377\000M\000u\000t\000a\000t\000i\000o\000n\000\040\000C\000o\000v\000e\000r\000a\000g\000e}{subsection.2.1}% 8
\BOOKMARK [2][-]{subsection.2.2}{\376\377\000C\000l\000a\000s\000s\000e\000\040\000L\000e\000d\000g\000e\000r\000H\000a\000n\000d\000l\000e}{section.2}% 9
\BOOKMARK [3][-]{subsubsection.2.2.1}{\376\377\000A\000g\000g\000i\000u\000n\000t\000a\000\040\000d\000i\000\040\000u\000n\000a\000\040\000e\000n\000t\000r\000y}{subsection.2.2}% 10
\BOOKMARK [3][-]{subsubsection.2.2.2}{\376\377\000L\000e\000t\000t\000u\000r\000a\000\040\000d\000e\000l\000l\000e\000\040\000E\000n\000t\000r\000y\000\040\000i\000n\000\040\000u\000n\000\040\000L\000e\000d\000g\000e\000r}{subsection.2.2}% 11
\BOOKMARK [1][-]{section.3}{\376\377\000O\000p\000e\000n\000J\000P\000A}{}% 12
\BOOKMARK [2][-]{subsection.3.1}{\376\377\000C\000l\000a\000s\000s\000e\000\040\000P\000r\000o\000x\000y\000M\000a\000n\000a\000g\000e\000r\000I\000m\000p\000l}{section.3}% 13
\BOOKMARK [3][-]{subsubsection.3.1.1}{\376\377\000C\000o\000p\000y\000C\000u\000s\000t\000o\000m}{subsection.3.1}% 14
\BOOKMARK [3][-]{subsubsection.3.1.2}{\376\377\000n\000e\000w\000C\000u\000s\000t\000o\000m\000P\000r\000o\000x\000y}{subsection.3.1}% 15
\BOOKMARK [3][-]{subsubsection.3.1.3}{\376\377\000C\000o\000d\000e\000\040\000C\000o\000v\000e\000r\000a\000g\000e}{subsection.3.1}% 16
\BOOKMARK [2][-]{subsection.3.2}{\376\377\000R\000e\000f\000l\000e\000c\000t\000i\000o\000n}{section.3}% 17
\BOOKMARK [1][-]{section.4}{\376\377\000I\000n\000t\000e\000r\000a\000z\000i\000o\000n\000e\000\040\000c\000o\000n\000\040\000L\000L\000M}{}% 18
\BOOKMARK [2][-]{subsection.4.1}{\376\377\000L\000L\000M\000C\000r\000e\000a\000t\000e\000L\000e\000d\000g\000e\000r}{section.4}% 19
\BOOKMARK [2][-]{subsection.4.2}{\376\377\000A\000s\000y\000n\000c\000L\000L\000M\000C\000r\000e\000a\000t\000e\000L\000e\000d\000g\000e\000r}{section.4}% 20
\BOOKMARK [2][-]{subsection.4.3}{\376\377\000L\000L\000M\000O\000p\000e\000n\000B\000k\000T\000e\000s\000t}{section.4}% 21
\BOOKMARK [2][-]{subsection.4.4}{\376\377\000L\000e\000d\000g\000e\000r\000H\000a\000n\000d\000l\000e\000T\000e\000s\000t}{section.4}% 22
\BOOKMARK [1][-]{section.5}{\376\377\000I\000m\000m\000a\000g\000i\000n\000i}{}% 23
\BOOKMARK [1][-]{section.6}{\376\377\000T\000a\000b\000e\000l\000l\000e}{}% 24
